========================================
SLURM Job: 24055858
Node: fc30636
Start time: Mon Feb 23 15:40:40 PST 2026
========================================
Extracting channels from datasets: stages shhs apples mros
Output directory: /home/boshra95/NSRR-tools/output/channel_analysis
========================================

Starting channel extraction...

================================================================================
NSRR Channel Extraction Tool
================================================================================
Datasets: stages, shhs, apples, mros
Output directory: output/channel_analysis

Loading configuration...
✓ Configuration loaded

================================================================================
Processing STAGES dataset
================================================================================
  Using: original directory
  Searching in: /scratch/boshra95/nsrr_downloads/stages/original
  Found 1879 EDFs in STAGES PSGs directory
  Found 1879 EDF files

  Summary:
    Total subjects: 1879
    Total unique channels: 380
    Avg channels per subject: 38.0
    Sampling frequencies: [1000.  200.  256.  512.  500.]

  Channel distribution by modality:
    EEG: 111 unique channels
    EOG: 19 unique channels
    ECG: 14 unique channels
    EMG: 60 unique channels
    RESP: 42 unique channels
    OTHER: 2 unique channels
    UNKNOWN: 132 unique channels
  ✓ Saved to output/channel_analysis/stages_channels.csv

================================================================================
Processing SHHS dataset
================================================================================
  Using: original directory
  Searching in: /scratch/boshra95/nsrr_downloads/shhs/polysomnography
  Found 8444 EDFs using pattern: **/*.edf
  Found 8444 EDF files
